\BOOKMARK [0][-]{chapter.1}{\376\377\000M\000h\000d\000O\000r\000i\000e\000n\000t\000a\000t\000i\000o\000n}{}
\BOOKMARK [0][-]{chapter.2}{\376\377\000N\000a\000m\000e\000s\000p\000a\000c\000e\000\040\000I\000n\000d\000e\000x}{}
\BOOKMARK [1][-]{section.2.1}{\376\377\000N\000a\000m\000e\000s\000p\000a\000c\000e\000\040\000L\000i\000s\000t}{chapter.2}
\BOOKMARK [0][-]{chapter.3}{\376\377\000C\000l\000a\000s\000s\000\040\000I\000n\000d\000e\000x}{}
\BOOKMARK [1][-]{section.3.1}{\376\377\000C\000l\000a\000s\000s\000\040\000H\000i\000e\000r\000a\000r\000c\000h\000y}{chapter.3}
\BOOKMARK [0][-]{chapter.4}{\376\377\000C\000l\000a\000s\000s\000\040\000I\000n\000d\000e\000x}{}
\BOOKMARK [1][-]{section.4.1}{\376\377\000C\000l\000a\000s\000s\000\040\000L\000i\000s\000t}{chapter.4}
\BOOKMARK [0][-]{chapter.5}{\376\377\000F\000i\000l\000e\000\040\000I\000n\000d\000e\000x}{}
\BOOKMARK [1][-]{section.5.1}{\376\377\000F\000i\000l\000e\000\040\000L\000i\000s\000t}{chapter.5}
\BOOKMARK [0][-]{chapter.6}{\376\377\000N\000a\000m\000e\000s\000p\000a\000c\000e\000\040\000D\000o\000c\000u\000m\000e\000n\000t\000a\000t\000i\000o\000n}{}
\BOOKMARK [1][-]{section.6.1}{\376\377\000M\000h\000d\000\040\000N\000a\000m\000e\000s\000p\000a\000c\000e\000\040\000R\000e\000f\000e\000r\000e\000n\000c\000e}{chapter.6}
\BOOKMARK [2][-]{subsection.6.1.1}{\376\377\000D\000e\000t\000a\000i\000l\000e\000d\000\040\000D\000e\000s\000c\000r\000i\000p\000t\000i\000o\000n}{section.6.1}
\BOOKMARK [2][-]{subsection.6.1.2}{\376\377\000T\000y\000p\000e\000d\000e\000f\000\040\000D\000o\000c\000u\000m\000e\000n\000t\000a\000t\000i\000o\000n}{section.6.1}
\BOOKMARK [3][-]{subsubsection.6.1.2.1}{\376\377\000M\000h\000d\000B\000u\000i\000l\000d\000e\000r}{subsection.6.1.2}
\BOOKMARK [2][-]{subsection.6.1.3}{\376\377\000F\000u\000n\000c\000t\000i\000o\000n\000\040\000D\000o\000c\000u\000m\000e\000n\000t\000a\000t\000i\000o\000n}{section.6.1}
\BOOKMARK [3][-]{subsubsection.6.1.3.1}{\376\377\000M\000h\000d\000F\000i\000l\000e\000R\000e\000a\000d\000e\000r}{subsection.6.1.3}
\BOOKMARK [3][-]{subsubsection.6.1.3.2}{\376\377\000o\000p\000e\000r\000a\000t\000o\000r\000<\000<}{subsection.6.1.3}
\BOOKMARK [0][-]{chapter.7}{\376\377\000C\000l\000a\000s\000s\000\040\000D\000o\000c\000u\000m\000e\000n\000t\000a\000t\000i\000o\000n}{}
\BOOKMARK [1][-]{section.7.1}{\376\377\000M\000h\000d\000:\000:\000A\000I\000L\000\040\000C\000l\000a\000s\000s\000\040\000R\000e\000f\000e\000r\000e\000n\000c\000e}{chapter.7}
\BOOKMARK [2][-]{subsection.7.1.1}{\376\377\000D\000e\000t\000a\000i\000l\000e\000d\000\040\000D\000e\000s\000c\000r\000i\000p\000t\000i\000o\000n}{section.7.1}
\BOOKMARK [2][-]{subsection.7.1.2}{\376\377\000C\000o\000n\000s\000t\000r\000u\000c\000t\000o\000r\000\040\000\046\000\040\000D\000e\000s\000t\000r\000u\000c\000t\000o\000r\000\040\000D\000o\000c\000u\000m\000e\000n\000t\000a\000t\000i\000o\000n}{section.7.1}
\BOOKMARK [3][-]{subsubsection.7.1.2.1}{\376\377\000A\000I\000L}{subsection.7.1.2}
\BOOKMARK [3][-]{subsubsection.7.1.2.2}{\376\377\000A\000I\000L}{subsection.7.1.2}
\BOOKMARK [2][-]{subsection.7.1.3}{\376\377\000M\000e\000m\000b\000e\000r\000\040\000F\000u\000n\000c\000t\000i\000o\000n\000\040\000D\000o\000c\000u\000m\000e\000n\000t\000a\000t\000i\000o\000n}{section.7.1}
\BOOKMARK [3][-]{subsubsection.7.1.3.1}{\376\377\000C\000o\000n\000v\000e\000r\000t\000T\000o\000R\000a\000s}{subsection.7.1.3}
\BOOKMARK [3][-]{subsubsection.7.1.3.2}{\376\377\000C\000r\000e\000a\000t\000e}{subsection.7.1.3}
\BOOKMARK [1][-]{section.7.2}{\376\377\000M\000h\000d\000:\000:\000A\000S\000L\000\040\000C\000l\000a\000s\000s\000\040\000R\000e\000f\000e\000r\000e\000n\000c\000e}{chapter.7}
\BOOKMARK [2][-]{subsection.7.2.1}{\376\377\000C\000o\000n\000s\000t\000r\000u\000c\000t\000o\000r\000\040\000\046\000\040\000D\000e\000s\000t\000r\000u\000c\000t\000o\000r\000\040\000D\000o\000c\000u\000m\000e\000n\000t\000a\000t\000i\000o\000n}{section.7.2}
\BOOKMARK [3][-]{subsubsection.7.2.1.1}{\376\377\000A\000S\000L}{subsection.7.2.1}
\BOOKMARK [3][-]{subsubsection.7.2.1.2}{\376\377\000A\000S\000L}{subsection.7.2.1}
\BOOKMARK [2][-]{subsection.7.2.2}{\376\377\000M\000e\000m\000b\000e\000r\000\040\000F\000u\000n\000c\000t\000i\000o\000n\000\040\000D\000o\000c\000u\000m\000e\000n\000t\000a\000t\000i\000o\000n}{section.7.2}
\BOOKMARK [3][-]{subsubsection.7.2.2.1}{\376\377\000C\000o\000n\000v\000e\000r\000t\000T\000o\000R\000a\000s}{subsection.7.2.2}
\BOOKMARK [3][-]{subsubsection.7.2.2.2}{\376\377\000C\000r\000e\000a\000t\000e}{subsection.7.2.2}
\BOOKMARK [1][-]{section.7.3}{\376\377\000M\000h\000d\000:\000:\000L\000S\000A\000\040\000C\000l\000a\000s\000s\000\040\000R\000e\000f\000e\000r\000e\000n\000c\000e}{chapter.7}
\BOOKMARK [2][-]{subsection.7.3.1}{\376\377\000C\000o\000n\000s\000t\000r\000u\000c\000t\000o\000r\000\040\000\046\000\040\000D\000e\000s\000t\000r\000u\000c\000t\000o\000r\000\040\000D\000o\000c\000u\000m\000e\000n\000t\000a\000t\000i\000o\000n}{section.7.3}
\BOOKMARK [3][-]{subsubsection.7.3.1.1}{\376\377\000L\000S\000A}{subsection.7.3.1}
\BOOKMARK [3][-]{subsubsection.7.3.1.2}{\376\377\000L\000S\000A}{subsection.7.3.1}
\BOOKMARK [2][-]{subsection.7.3.2}{\376\377\000M\000e\000m\000b\000e\000r\000\040\000F\000u\000n\000c\000t\000i\000o\000n\000\040\000D\000o\000c\000u\000m\000e\000n\000t\000a\000t\000i\000o\000n}{section.7.3}
\BOOKMARK [3][-]{subsubsection.7.3.2.1}{\376\377\000C\000o\000n\000v\000e\000r\000t\000T\000o\000R\000a\000s}{subsection.7.3.2}
\BOOKMARK [3][-]{subsubsection.7.3.2.2}{\376\377\000C\000r\000e\000a\000t\000e}{subsection.7.3.2}
\BOOKMARK [1][-]{section.7.4}{\376\377\000M\000h\000d\000:\000:\000M\000h\000d\000F\000a\000c\000t\000o\000r\000y\000\040\000C\000l\000a\000s\000s\000\040\000R\000e\000f\000e\000r\000e\000n\000c\000e}{chapter.7}
\BOOKMARK [2][-]{subsection.7.4.1}{\376\377\000D\000e\000t\000a\000i\000l\000e\000d\000\040\000D\000e\000s\000c\000r\000i\000p\000t\000i\000o\000n}{section.7.4}
\BOOKMARK [2][-]{subsection.7.4.2}{\376\377\000M\000e\000m\000b\000e\000r\000\040\000T\000y\000p\000e\000d\000e\000f\000\040\000D\000o\000c\000u\000m\000e\000n\000t\000a\000t\000i\000o\000n}{section.7.4}
\BOOKMARK [3][-]{subsubsection.7.4.2.1}{\376\377\000C\000o\000l\000l\000e\000c\000t\000o\000r}{subsection.7.4.2}
\BOOKMARK [2][-]{subsection.7.4.3}{\376\377\000C\000o\000n\000s\000t\000r\000u\000c\000t\000o\000r\000\040\000\046\000\040\000D\000e\000s\000t\000r\000u\000c\000t\000o\000r\000\040\000D\000o\000c\000u\000m\000e\000n\000t\000a\000t\000i\000o\000n}{section.7.4}
\BOOKMARK [3][-]{subsubsection.7.4.3.1}{\376\377\000M\000h\000d\000F\000a\000c\000t\000o\000r\000y}{subsection.7.4.3}
\BOOKMARK [3][-]{subsubsection.7.4.3.2}{\376\377\000M\000h\000d\000F\000a\000c\000t\000o\000r\000y}{subsection.7.4.3}
\BOOKMARK [2][-]{subsection.7.4.4}{\376\377\000M\000e\000m\000b\000e\000r\000\040\000F\000u\000n\000c\000t\000i\000o\000n\000\040\000D\000o\000c\000u\000m\000e\000n\000t\000a\000t\000i\000o\000n}{section.7.4}
\BOOKMARK [3][-]{subsubsection.7.4.4.1}{\376\377\000G\000e\000t}{subsection.7.4.4}
\BOOKMARK [3][-]{subsubsection.7.4.4.2}{\376\377\000I\000n\000s\000t\000a\000n\000c\000e}{subsection.7.4.4}
\BOOKMARK [3][-]{subsubsection.7.4.4.3}{\376\377\000R\000e\000g\000i\000s\000t\000e\000r}{subsection.7.4.4}
\BOOKMARK [3][-]{subsubsection.7.4.4.4}{\376\377\000R\000e\000g\000i\000s\000t\000e\000r\000e\000d}{subsection.7.4.4}
\BOOKMARK [3][-]{subsubsection.7.4.4.5}{\376\377\000U\000n\000s\000e\000t}{subsection.7.4.4}
\BOOKMARK [1][-]{section.7.5}{\376\377\000M\000h\000d\000:\000:\000M\000h\000d\000O\000r\000i\000e\000n\000t\000a\000t\000i\000o\000n\000\040\000C\000l\000a\000s\000s\000\040\000R\000e\000f\000e\000r\000e\000n\000c\000e}{chapter.7}
\BOOKMARK [2][-]{subsection.7.5.1}{\376\377\000D\000e\000t\000a\000i\000l\000e\000d\000\040\000D\000e\000s\000c\000r\000i\000p\000t\000i\000o\000n}{section.7.5}
\BOOKMARK [2][-]{subsection.7.5.2}{\376\377\000M\000e\000m\000b\000e\000r\000\040\000F\000u\000n\000c\000t\000i\000o\000n\000\040\000D\000o\000c\000u\000m\000e\000n\000t\000a\000t\000i\000o\000n}{section.7.5}
\BOOKMARK [3][-]{subsubsection.7.5.2.1}{\376\377\000A\000O}{subsection.7.5.2}
\BOOKMARK [3][-]{subsubsection.7.5.2.2}{\376\377\000C}{subsection.7.5.2}
\BOOKMARK [3][-]{subsubsection.7.5.2.3}{\376\377\000C\000o\000m\000p\000u\000t\000e\000A\000n\000g\000l\000e\000s}{subsection.7.5.2}
\BOOKMARK [3][-]{subsubsection.7.5.2.4}{\376\377\000C\000o\000m\000p\000u\000t\000e\000R\000o\000t\000a\000t\000i\000o\000n}{subsection.7.5.2}
\BOOKMARK [3][-]{subsubsection.7.5.2.5}{\376\377\000C\000o\000n\000v\000e\000r\000t\000T\000o\000R\000a\000s}{subsection.7.5.2}
\BOOKMARK [3][-]{subsubsection.7.5.2.6}{\376\377\000C\000r\000e\000a\000t\000e}{subsection.7.5.2}
\BOOKMARK [3][-]{subsubsection.7.5.2.7}{\376\377\000O}{subsection.7.5.2}
\BOOKMARK [3][-]{subsubsection.7.5.2.8}{\376\377\000O\000r\000i\000e\000n\000t\000a\000t\000i\000o\000n\000R\000e\000a\000d\000e\000r}{subsection.7.5.2}
\BOOKMARK [3][-]{subsubsection.7.5.2.9}{\376\377\000O\000r\000i\000e\000n\000t\000a\000t\000i\000o\000n\000W\000r\000i\000t\000e\000r}{subsection.7.5.2}
\BOOKMARK [3][-]{subsubsection.7.5.2.10}{\376\377\000R}{subsection.7.5.2}
\BOOKMARK [2][-]{subsection.7.5.3}{\376\377\000F\000r\000i\000e\000n\000d\000s\000\040\000A\000n\000d\000\040\000R\000e\000l\000a\000t\000e\000d\000\040\000F\000u\000n\000c\000t\000i\000o\000n\000\040\000D\000o\000c\000u\000m\000e\000n\000t\000a\000t\000i\000o\000n}{section.7.5}
\BOOKMARK [3][-]{subsubsection.7.5.3.1}{\376\377\000o\000p\000e\000r\000a\000t\000o\000r\000<\000<}{subsection.7.5.3}
\BOOKMARK [2][-]{subsection.7.5.4}{\376\377\000M\000e\000m\000b\000e\000r\000\040\000D\000a\000t\000a\000\040\000D\000o\000c\000u\000m\000e\000n\000t\000a\000t\000i\000o\000n}{section.7.5}
\BOOKMARK [3][-]{subsubsection.7.5.4.1}{\376\377\000A\000n\000a\000t\000o\000m\000i\000c\000a\000l\000O\000r\000i\000e\000n\000t\000a\000t\000i\000o\000n}{subsection.7.5.4}
\BOOKMARK [3][-]{subsubsection.7.5.4.2}{\376\377\000A\000n\000g\000l\000e\000s}{subsection.7.5.4}
\BOOKMARK [3][-]{subsubsection.7.5.4.3}{\376\377\000B\000i\000n\000a\000r\000y\000D\000a\000t\000a}{subsection.7.5.4}
\BOOKMARK [3][-]{subsubsection.7.5.4.4}{\376\377\000B\000i\000n\000a\000r\000y\000D\000a\000t\000a\000B\000y\000t\000e\000O\000r\000d\000e\000r\000M\000S\000B}{subsection.7.5.4}
\BOOKMARK [3][-]{subsubsection.7.5.4.5}{\376\377\000C\000e\000n\000t\000e\000r\000O\000f\000R\000o\000t\000a\000t\000i\000o\000n}{subsection.7.5.4}
\BOOKMARK [3][-]{subsubsection.7.5.4.6}{\376\377\000C\000o\000m\000p\000r\000e\000s\000s\000e\000d\000D\000a\000t\000a}{subsection.7.5.4}
\BOOKMARK [3][-]{subsubsection.7.5.4.7}{\376\377\000C\000o\000m\000p\000r\000e\000s\000s\000e\000d\000D\000a\000t\000a\000S\000i\000z\000e}{subsection.7.5.4}
\BOOKMARK [3][-]{subsubsection.7.5.4.8}{\376\377\000D\000i\000m\000S\000i\000z\000e}{subsection.7.5.4}
\BOOKMARK [3][-]{subsubsection.7.5.4.9}{\376\377\000E\000l\000e\000m\000e\000n\000t\000D\000a\000t\000a\000F\000i\000l\000e}{subsection.7.5.4}
\BOOKMARK [3][-]{subsubsection.7.5.4.10}{\376\377\000E\000l\000e\000m\000e\000n\000t\000S\000p\000a\000c\000i\000n\000g}{subsection.7.5.4}
\BOOKMARK [3][-]{subsubsection.7.5.4.11}{\376\377\000E\000l\000e\000m\000e\000n\000t\000T\000y\000p\000e}{subsection.7.5.4}
\BOOKMARK [3][-]{subsubsection.7.5.4.12}{\376\377\000N\000D\000i\000m\000s}{subsection.7.5.4}
\BOOKMARK [3][-]{subsubsection.7.5.4.13}{\376\377\000O\000b\000j\000e\000c\000t\000T\000y\000p\000e}{subsection.7.5.4}
\BOOKMARK [3][-]{subsubsection.7.5.4.14}{\376\377\000O\000f\000f\000s\000e\000t}{subsection.7.5.4}
\BOOKMARK [3][-]{subsubsection.7.5.4.15}{\376\377\000T\000r\000a\000n\000s\000f\000o\000r\000m\000M\000a\000t\000r\000i\000x}{subsection.7.5.4}
\BOOKMARK [1][-]{section.7.6}{\376\377\000M\000h\000d\000:\000:\000M\000h\000d\000P\000r\000o\000x\000y\000<\000\040\000T\000\040\000>\000\040\000C\000l\000a\000s\000s\000\040\000T\000e\000m\000p\000l\000a\000t\000e\000\040\000R\000e\000f\000e\000r\000e\000n\000c\000e}{chapter.7}
\BOOKMARK [2][-]{subsection.7.6.1}{\376\377\000D\000e\000t\000a\000i\000l\000e\000d\000\040\000D\000e\000s\000c\000r\000i\000p\000t\000i\000o\000n}{section.7.6}
\BOOKMARK [2][-]{subsection.7.6.2}{\376\377\000C\000o\000n\000s\000t\000r\000u\000c\000t\000o\000r\000\040\000\046\000\040\000D\000e\000s\000t\000r\000u\000c\000t\000o\000r\000\040\000D\000o\000c\000u\000m\000e\000n\000t\000a\000t\000i\000o\000n}{section.7.6}
\BOOKMARK [3][-]{subsubsection.7.6.2.1}{\376\377\000M\000h\000d\000P\000r\000o\000x\000y}{subsection.7.6.2}
\BOOKMARK [3][-]{subsubsection.7.6.2.2}{\376\377\000M\000h\000d\000P\000r\000o\000x\000y}{subsection.7.6.2}
\BOOKMARK [2][-]{subsection.7.6.3}{\376\377\000M\000e\000m\000b\000e\000r\000\040\000F\000u\000n\000c\000t\000i\000o\000n\000\040\000D\000o\000c\000u\000m\000e\000n\000t\000a\000t\000i\000o\000n}{section.7.6}
\BOOKMARK [3][-]{subsubsection.7.6.3.1}{\376\377\000B\000u\000i\000l\000d}{subsection.7.6.3}
\BOOKMARK [1][-]{section.7.7}{\376\377\000M\000h\000d\000:\000:\000M\000h\000d\000P\000y\000t\000h\000o\000n\000O\000r\000i\000e\000n\000t\000a\000t\000i\000o\000n\000\040\000C\000l\000a\000s\000s\000\040\000R\000e\000f\000e\000r\000e\000n\000c\000e}{chapter.7}
\BOOKMARK [2][-]{subsection.7.7.1}{\376\377\000D\000e\000t\000a\000i\000l\000e\000d\000\040\000D\000e\000s\000c\000r\000i\000p\000t\000i\000o\000n}{section.7.7}
\BOOKMARK [2][-]{subsection.7.7.2}{\376\377\000M\000e\000m\000b\000e\000r\000\040\000F\000u\000n\000c\000t\000i\000o\000n\000\040\000D\000o\000c\000u\000m\000e\000n\000t\000a\000t\000i\000o\000n}{section.7.7}
\BOOKMARK [3][-]{subsubsection.7.7.2.1}{\376\377\000A\000O}{subsection.7.7.2}
\BOOKMARK [3][-]{subsubsection.7.7.2.2}{\376\377\000C}{subsection.7.7.2}
\BOOKMARK [3][-]{subsubsection.7.7.2.3}{\376\377\000C\000o\000m\000p\000u\000t\000e\000A\000n\000g\000l\000e\000s}{subsection.7.7.2}
\BOOKMARK [3][-]{subsubsection.7.7.2.4}{\376\377\000C\000o\000m\000p\000u\000t\000e\000R\000o\000t\000a\000t\000i\000o\000n}{subsection.7.7.2}
\BOOKMARK [3][-]{subsubsection.7.7.2.5}{\376\377\000C\000o\000n\000v\000e\000r\000t\000T\000o\000R\000a\000s}{subsection.7.7.2}
\BOOKMARK [3][-]{subsubsection.7.7.2.6}{\376\377\000O}{subsection.7.7.2}
\BOOKMARK [3][-]{subsubsection.7.7.2.7}{\376\377\000O\000r\000i\000e\000n\000t\000a\000t\000i\000o\000n\000R\000e\000a\000d\000e\000r}{subsection.7.7.2}
\BOOKMARK [3][-]{subsubsection.7.7.2.8}{\376\377\000O\000r\000i\000e\000n\000t\000a\000t\000i\000o\000n\000W\000r\000i\000t\000e\000r}{subsection.7.7.2}
\BOOKMARK [3][-]{subsubsection.7.7.2.9}{\376\377\000R}{subsection.7.7.2}
\BOOKMARK [1][-]{section.7.8}{\376\377\000M\000h\000d\000:\000:\000R\000A\000I\000\040\000C\000l\000a\000s\000s\000\040\000R\000e\000f\000e\000r\000e\000n\000c\000e}{chapter.7}
\BOOKMARK [2][-]{subsection.7.8.1}{\376\377\000C\000o\000n\000s\000t\000r\000u\000c\000t\000o\000r\000\040\000\046\000\040\000D\000e\000s\000t\000r\000u\000c\000t\000o\000r\000\040\000D\000o\000c\000u\000m\000e\000n\000t\000a\000t\000i\000o\000n}{section.7.8}
\BOOKMARK [3][-]{subsubsection.7.8.1.1}{\376\377\000R\000A\000I}{subsection.7.8.1}
\BOOKMARK [3][-]{subsubsection.7.8.1.2}{\376\377\000R\000A\000I}{subsection.7.8.1}
\BOOKMARK [2][-]{subsection.7.8.2}{\376\377\000M\000e\000m\000b\000e\000r\000\040\000F\000u\000n\000c\000t\000i\000o\000n\000\040\000D\000o\000c\000u\000m\000e\000n\000t\000a\000t\000i\000o\000n}{section.7.8}
\BOOKMARK [3][-]{subsubsection.7.8.2.1}{\376\377\000C\000o\000n\000v\000e\000r\000t\000T\000o\000R\000a\000s}{subsection.7.8.2}
\BOOKMARK [3][-]{subsubsection.7.8.2.2}{\376\377\000C\000r\000e\000a\000t\000e}{subsection.7.8.2}
\BOOKMARK [0][-]{chapter.8}{\376\377\000F\000i\000l\000e\000\040\000D\000o\000c\000u\000m\000e\000n\000t\000a\000t\000i\000o\000n}{}
\BOOKMARK [1][-]{section.8.1}{\376\377\000l\000i\000b\000/\000i\000n\000c\000l\000u\000d\000e\000/\000M\000H\000D\000.\000h\000x\000x\000\040\000F\000i\000l\000e\000\040\000R\000e\000f\000e\000r\000e\000n\000c\000e}{chapter.8}
\BOOKMARK [2][-]{subsection.8.1.1}{\376\377\000D\000e\000t\000a\000i\000l\000e\000d\000\040\000D\000e\000s\000c\000r\000i\000p\000t\000i\000o\000n}{section.8.1}
\BOOKMARK [1][-]{section.8.2}{\376\377\000l\000i\000b\000/\000i\000n\000c\000l\000u\000d\000e\000/\000M\000h\000d\000F\000a\000c\000t\000o\000r\000y\000.\000h\000x\000x\000\040\000F\000i\000l\000e\000\040\000R\000e\000f\000e\000r\000e\000n\000c\000e}{chapter.8}
\BOOKMARK [2][-]{subsection.8.2.1}{\376\377\000D\000e\000t\000a\000i\000l\000e\000d\000\040\000D\000e\000s\000c\000r\000i\000p\000t\000i\000o\000n}{section.8.2}
\BOOKMARK [1][-]{section.8.3}{\376\377\000l\000i\000b\000/\000i\000n\000c\000l\000u\000d\000e\000/\000M\000h\000d\000O\000r\000i\000e\000n\000t\000a\000t\000i\000o\000n\000.\000h\000x\000x\000\040\000F\000i\000l\000e\000\040\000R\000e\000f\000e\000r\000e\000n\000c\000e}{chapter.8}
\BOOKMARK [2][-]{subsection.8.3.1}{\376\377\000D\000e\000t\000a\000i\000l\000e\000d\000\040\000D\000e\000s\000c\000r\000i\000p\000t\000i\000o\000n}{section.8.3}
\BOOKMARK [2][-]{subsection.8.3.2}{\376\377\000D\000e\000f\000i\000n\000e\000\040\000D\000o\000c\000u\000m\000e\000n\000t\000a\000t\000i\000o\000n}{section.8.3}
\BOOKMARK [3][-]{subsubsection.8.3.2.1}{\376\377\000P\000I}{subsection.8.3.2}
\BOOKMARK [1][-]{section.8.4}{\376\377\000l\000i\000b\000/\000i\000n\000c\000l\000u\000d\000e\000/\000M\000h\000d\000O\000r\000i\000e\000n\000t\000a\000t\000i\000o\000n\000R\000u\000l\000e\000s\000.\000h\000x\000x\000\040\000F\000i\000l\000e\000\040\000R\000e\000f\000e\000r\000e\000n\000c\000e}{chapter.8}
\BOOKMARK [2][-]{subsection.8.4.1}{\376\377\000D\000e\000t\000a\000i\000l\000e\000d\000\040\000D\000e\000s\000c\000r\000i\000p\000t\000i\000o\000n}{section.8.4}
\BOOKMARK [2][-]{subsection.8.4.2}{\376\377\000D\000e\000f\000i\000n\000e\000\040\000D\000o\000c\000u\000m\000e\000n\000t\000a\000t\000i\000o\000n}{section.8.4}
\BOOKMARK [3][-]{subsubsection.8.4.2.1}{\376\377\000M\000H\000D\000I\000O\000R\000I\000E\000N\000T\000A\000T\000I\000O\000N\000R\000U\000L\000E\000S\000\137\000H\000X\000X}{subsection.8.4.2}
\BOOKMARK [1][-]{section.8.5}{\376\377\000l\000i\000b\000/\000i\000n\000c\000l\000u\000d\000e\000/\000M\000h\000d\000P\000r\000o\000x\000y\000.\000h\000x\000x\000\040\000F\000i\000l\000e\000\040\000R\000e\000f\000e\000r\000e\000n\000c\000e}{chapter.8}
\BOOKMARK [2][-]{subsection.8.5.1}{\376\377\000D\000e\000t\000a\000i\000l\000e\000d\000\040\000D\000e\000s\000c\000r\000i\000p\000t\000i\000o\000n}{section.8.5}
\BOOKMARK [1][-]{section.8.6}{\376\377\000l\000i\000b\000/\000i\000n\000c\000l\000u\000d\000e\000/\000M\000h\000d\000P\000y\000t\000h\000o\000n\000O\000r\000i\000e\000n\000t\000a\000t\000i\000o\000n\000.\000h\000x\000x\000\040\000F\000i\000l\000e\000\040\000R\000e\000f\000e\000r\000e\000n\000c\000e}{chapter.8}
\BOOKMARK [2][-]{subsection.8.6.1}{\376\377\000D\000e\000t\000a\000i\000l\000e\000d\000\040\000D\000e\000s\000c\000r\000i\000p\000t\000i\000o\000n}{section.8.6}
\BOOKMARK [2][-]{subsection.8.6.2}{\376\377\000D\000e\000f\000i\000n\000e\000\040\000D\000o\000c\000u\000m\000e\000n\000t\000a\000t\000i\000o\000n}{section.8.6}
\BOOKMARK [3][-]{subsubsection.8.6.2.1}{\376\377\000P\000I}{subsection.8.6.2}
\BOOKMARK [1][-]{section.8.7}{\376\377\000l\000i\000b\000/\000p\000y\000m\000o\000d\000u\000l\000e\000/\000m\000h\000d\000.\000p\000y\000\040\000F\000i\000l\000e\000\040\000R\000e\000f\000e\000r\000e\000n\000c\000e}{chapter.8}
\BOOKMARK [2][-]{subsection.8.7.1}{\376\377\000D\000e\000t\000a\000i\000l\000e\000d\000\040\000D\000e\000s\000c\000r\000i\000p\000t\000i\000o\000n}{section.8.7}
\BOOKMARK [1][-]{section.8.8}{\376\377\000l\000i\000b\000/\000s\000r\000c\000/\000M\000h\000d\000F\000a\000c\000t\000o\000r\000y\000.\000c\000x\000x\000\040\000F\000i\000l\000e\000\040\000R\000e\000f\000e\000r\000e\000n\000c\000e}{chapter.8}
\BOOKMARK [2][-]{subsection.8.8.1}{\376\377\000D\000e\000t\000a\000i\000l\000e\000d\000\040\000D\000e\000s\000c\000r\000i\000p\000t\000i\000o\000n}{section.8.8}
\BOOKMARK [1][-]{section.8.9}{\376\377\000l\000i\000b\000/\000s\000r\000c\000/\000M\000h\000d\000F\000i\000l\000e\000R\000e\000a\000d\000e\000r\000.\000c\000x\000x\000\040\000F\000i\000l\000e\000\040\000R\000e\000f\000e\000r\000e\000n\000c\000e}{chapter.8}
\BOOKMARK [2][-]{subsection.8.9.1}{\376\377\000D\000e\000t\000a\000i\000l\000e\000d\000\040\000D\000e\000s\000c\000r\000i\000p\000t\000i\000o\000n}{section.8.9}
\BOOKMARK [1][-]{section.8.10}{\376\377\000l\000i\000b\000/\000s\000r\000c\000/\000M\000h\000d\000O\000r\000i\000e\000n\000t\000a\000t\000i\000o\000n\000.\000c\000x\000x\000\040\000F\000i\000l\000e\000\040\000R\000e\000f\000e\000r\000e\000n\000c\000e}{chapter.8}
\BOOKMARK [2][-]{subsection.8.10.1}{\376\377\000D\000e\000t\000a\000i\000l\000e\000d\000\040\000D\000e\000s\000c\000r\000i\000p\000t\000i\000o\000n}{section.8.10}
\BOOKMARK [1][-]{section.8.11}{\376\377\000l\000i\000b\000/\000s\000r\000c\000/\000M\000h\000d\000O\000r\000i\000e\000n\000t\000a\000t\000i\000o\000n\000R\000u\000l\000e\000s\000.\000c\000x\000x\000\040\000F\000i\000l\000e\000\040\000R\000e\000f\000e\000r\000e\000n\000c\000e}{chapter.8}
\BOOKMARK [2][-]{subsection.8.11.1}{\376\377\000D\000e\000t\000a\000i\000l\000e\000d\000\040\000D\000e\000s\000c\000r\000i\000p\000t\000i\000o\000n}{section.8.11}
\BOOKMARK [1][-]{section.8.12}{\376\377\000l\000i\000b\000/\000s\000r\000c\000/\000M\000h\000d\000P\000y\000t\000h\000o\000n\000O\000r\000i\000e\000n\000t\000a\000t\000i\000o\000n\000.\000c\000x\000x\000\040\000F\000i\000l\000e\000\040\000R\000e\000f\000e\000r\000e\000n\000c\000e}{chapter.8}
\BOOKMARK [2][-]{subsection.8.12.1}{\376\377\000D\000e\000t\000a\000i\000l\000e\000d\000\040\000D\000e\000s\000c\000r\000i\000p\000t\000i\000o\000n}{section.8.12}
\BOOKMARK [1][-]{section.8.13}{\376\377\000l\000i\000b\000/\000s\000r\000c\000/\000M\000h\000d\000P\000y\000t\000h\000o\000n\000W\000r\000a\000p\000p\000e\000r\000.\000c\000x\000x\000\040\000F\000i\000l\000e\000\040\000R\000e\000f\000e\000r\000e\000n\000c\000e}{chapter.8}
\BOOKMARK [2][-]{subsection.8.13.1}{\376\377\000D\000e\000t\000a\000i\000l\000e\000d\000\040\000D\000e\000s\000c\000r\000i\000p\000t\000i\000o\000n}{section.8.13}
\BOOKMARK [2][-]{subsection.8.13.2}{\376\377\000F\000u\000n\000c\000t\000i\000o\000n\000\040\000D\000o\000c\000u\000m\000e\000n\000t\000a\000t\000i\000o\000n}{section.8.13}
\BOOKMARK [3][-]{subsubsection.8.13.2.1}{\376\377\000M\000h\000d\000O\000r\000i\000e\000n\000t\000a\000t\000i\000o\000n\000\137\000A\000O}{subsection.8.13.2}
\BOOKMARK [3][-]{subsubsection.8.13.2.2}{\376\377\000M\000h\000d\000O\000r\000i\000e\000n\000t\000a\000t\000i\000o\000n\000\137\000C}{subsection.8.13.2}
\BOOKMARK [3][-]{subsubsection.8.13.2.3}{\376\377\000M\000h\000d\000O\000r\000i\000e\000n\000t\000a\000t\000i\000o\000n\000\137\000C\000o\000m\000p\000u\000t\000e\000A\000n\000g\000l\000e\000s}{subsection.8.13.2}
\BOOKMARK [3][-]{subsubsection.8.13.2.4}{\376\377\000M\000h\000d\000O\000r\000i\000e\000n\000t\000a\000t\000i\000o\000n\000\137\000C\000o\000m\000p\000u\000t\000e\000R\000o\000t\000a\000t\000i\000o\000n}{subsection.8.13.2}
\BOOKMARK [3][-]{subsubsection.8.13.2.5}{\376\377\000M\000h\000d\000O\000r\000i\000e\000n\000t\000a\000t\000i\000o\000n\000\137\000C\000o\000n\000v\000e\000r\000t\000T\000o\000R\000a\000s}{subsection.8.13.2}
\BOOKMARK [3][-]{subsubsection.8.13.2.6}{\376\377\000M\000h\000d\000O\000r\000i\000e\000n\000t\000a\000t\000i\000o\000n\000\137\000O}{subsection.8.13.2}
\BOOKMARK [3][-]{subsubsection.8.13.2.7}{\376\377\000M\000h\000d\000O\000r\000i\000e\000n\000t\000a\000t\000i\000o\000n\000\137\000O\000r\000i\000e\000n\000t\000a\000t\000i\000o\000n\000R\000e\000a\000d\000e\000r}{subsection.8.13.2}
\BOOKMARK [3][-]{subsubsection.8.13.2.8}{\376\377\000M\000h\000d\000O\000r\000i\000e\000n\000t\000a\000t\000i\000o\000n\000\137\000O\000r\000i\000e\000n\000t\000a\000t\000i\000o\000n\000W\000r\000i\000t\000e\000r}{subsection.8.13.2}
\BOOKMARK [3][-]{subsubsection.8.13.2.9}{\376\377\000M\000h\000d\000O\000r\000i\000e\000n\000t\000a\000t\000i\000o\000n\000\137\000P\000y\000t\000h\000o\000n}{subsection.8.13.2}
\BOOKMARK [3][-]{subsubsection.8.13.2.10}{\376\377\000M\000h\000d\000O\000r\000i\000e\000n\000t\000a\000t\000i\000o\000n\000\137\000R}{subsection.8.13.2}
\BOOKMARK [1][-]{section.8.14}{\376\377\000R\000E\000A\000D\000M\000E\000.\000m\000d\000\040\000F\000i\000l\000e\000\040\000R\000e\000f\000e\000r\000e\000n\000c\000e}{chapter.8}
